<?xml version="1.0" encoding="UTF-8"?>
<testsuite name="com.externalAPIs.tests.auth.Glofox_SecureClientTokenTests" tests="1" skipped="0" failures="0" errors="0" timestamp="2025-10-22T04:48:49.209Z" hostname="corp-gwil01.abcfinancial.net" time="1.601">
  <properties/>
  <testcase name="getGlofoxSecureClientToken" classname="com.externalAPIs.tests.auth.Glofox_SecureClientTokenTests" time="1.601"/>
  <system-out><![CDATA[Request method:	POST
Request URI:	https://secure.dev.30preprod.com/api/token
Proxy:			<none>
Request params:	<none>
Query params:	<none>
Form params:	grant_type=client_credentials
Path params:	<none>
Headers:		Authorization=Basic R0xPRk9YX1NFQ1VSRV9BVVRIOkdMT0ZPWF9TRUNVUkVfQVVUSA==
				Accept=application/json
				User-Agent=RestAssured-Automation
				Content-Type=application/x-www-form-urlencoded; charset=ISO-8859-1
Cookies:		<none>
Multiparts:		<none>
Body:			<none>
HTTP/1.1 200 OK
Date: Wed, 22 Oct 2025 04:48:50 GMT
Content-Type: application/json;charset=UTF-8
Transfer-Encoding: chunked
Connection: keep-alive
Vary: Origin
Vary: Access-Control-Request-Method
Vary: Access-Control-Request-Headers
X-Content-Type-Options: nosniff
X-XSS-Protection: 0
Cache-Control: no-cache, no-store, max-age=0, must-revalidate
Pragma: no-cache
Expires: 0
Strict-Transport-Security: max-age=31536000; includeSubDomains
X-Frame-Options: DENY
Content-Language: en-US

{
    "access_token": "eyJraWQiOiJYOGw3MGhWWjI2R1AzUWwyIiwiYWxnIjoiUlMyNTYifQ.eyJzdWIiOiJHTE9GT1hfU0VDVVJFX0FVVEgiLCJhdWQiOiJhYmMtcGF5bWVudC1nYXRld2F5IiwibmJmIjoxNzYxMTA4NTMwLCJfdCI6IkNMSUVOVF9PTkxZIiwic2NvcGUiOlsic2VjdXJlOnByb3RlY3RlZCJdLCJpc3MiOiJodHRwczovL3NlY3VyZS5kZXYuMzBwcmVwcm9kLmNvbSIsImV4cCI6MTc2MTE5NDkzMCwiaWF0IjoxNzYxMTA4NTMwLCJqdGkiOiIxYjA3ZTE5OC05M2IzLTQyNDItODZjNi05NWJmMzc0MzkwZTQiLCJjbGllbnRfaWQiOiJHTE9GT1hfU0VDVVJFX0FVVEgiLCJhdXRob3JpdGllcyI6WyJ0cmFuc2FjdGlvbjpjbGllbnQtcmVhZCIsInBnLXBheW1lbnQ6Y2xpZW50LWNyZWF0ZSJdfQ.SxFxvQQj4dnvs-xQsnVJMj4wOjMzMENDRlesB-ZNwHEpNtpkqF8M4_qBQrsPlBse_KuM12PqROZsX5O_NUI5vLglrSzFvCZCUEStbhkerM_794TdQ66-BLvHKW-b-dQ2DohQXv-vCsDzpu5jCDs7LzdGeeWmvf6evx_-c10o6aALAzGU43Zk3k1FVM17BdsoPhBG8Wg8bA1gLJ500QlG4gMfJWZXpFrRWcwa37pm-f66hkApoWtx3vyFToZ7oegJ70uTNq0uZjg3tEjx_JjsUQN6AgzoIMjS0Lbcrffgs4rjzrZvHq06TS2dl6EDxCIykdToV0iuuPDSeMMBkwpckQ",
    "token_type": "Bearer",
    "expires_in": 86399
}
]]></system-out>
  <system-err><![CDATA[]]></system-err>
</testsuite>
