<?xml version="1.0" encoding="UTF-8"?>
<testsuite name="com.externalAPIs.tests.Charge.CreateAchPaymentChargeTests" tests="1" skipped="0" failures="0" errors="0" timestamp="2025-10-22T05:36:08.033Z" hostname="l115knel010721.abcfinancial.net" time="1.706">
  <properties/>
  <testcase name="createAchPaymentCharge[0]({amount=2300, tokenId=11f092f8-1139-f15c-91b9-ef36cde23978, relatedReferenceId=f58c6195-16bb-42e4-b592-9bcfdc6fff7e, terminalId=11f0af09-0197-139b-ae14-415e2af402ed, descriptor=success webhook test - 1761111368033, effectiveDate=2026-09-16, referenceId=4c79876c-508c-4ea8-b19e-72a87faf7d20})" classname="com.externalAPIs.tests.Charge.CreateAchPaymentChargeTests" time="1.706"/>
  <system-out><![CDATA[]]>&#x1f510;<![CDATA[ Reusing cached GlofoxSecureClientToken
Request method:	POST
Request URI:	https://secure.dev.30preprod.com/api/abcpg/payments/charge
Proxy:			<none>
Request params:	<none>
Query params:	<none>
Form params:	<none>
Path params:	<none>
Headers:		Authorization=Bearer eyJraWQiOiJYOGw3MGhWWjI2R1AzUWwyIiwiYWxnIjoiUlMyNTYifQ.eyJzdWIiOiJHTE9GT1hfU0VDVVJFX0FVVEgiLCJhdWQiOiJhYmMtcGF5bWVudC1nYXRld2F5IiwibmJmIjoxNzYxMTExMzM5LCJfdCI6IkNMSUVOVF9PTkxZIiwic2NvcGUiOlsic2VjdXJlOnByb3RlY3RlZCJdLCJpc3MiOiJodHRwczovL3NlY3VyZS5kZXYuMzBwcmVwcm9kLmNvbSIsImV4cCI6MTc2MTE5NzczOSwiaWF0IjoxNzYxMTExMzM5LCJqdGkiOiI5NmU1N2ZjOS01MmI5LTQ1ZjUtYTk3MS05MGFhMmEyOWZjNDgiLCJjbGllbnRfaWQiOiJHTE9GT1hfU0VDVVJFX0FVVEgiLCJhdXRob3JpdGllcyI6WyJ0cmFuc2FjdGlvbjpjbGllbnQtcmVhZCIsInBnLXBheW1lbnQ6Y2xpZW50LWNyZWF0ZSJdfQ.aB_Ompb5w1yUrtttbHGttGZ7j6I6DbfEyRapV5V_enAkv5IaBmivV7KcBKB8iPDB_XoWNSO3CSjEAsd7UnNvaqLAfxMXoZYRWkHfGHPzf-BcVMSNVA8clbUXkq9ofTnL9JQoGh6VkutHxYIZA8q7Zx-xhDI0Kg2GBWM9OYq_AdeeSoU3SLrzf9JwxU1So_HAKWNp3Kx1caFROCE2fmMYce0NY63-l9jVG4ufuxb7tBDsuoGi0ljlVZFow1fyTLMKxLhSut0X3A95XUIGzS59WcVomrxUJzpp1C0x_Xkujiamlan-N_pot2JohGhWmIRjIanxISwRx8YOisSN9YFDpw
				ABCFS-TENANT-ID=41424320-436f-6d70-616e-792020202020
				User-Agent=Automation-Test
				Accept=*/*
				Content-Type=application/json
Cookies:		<none>
Multiparts:		<none>
Body:
{
    "requests": [
        {
            "amount": "2300",
            "tokenId": "11f092f8-1139-f15c-91b9-ef36cde23978",
            "relatedReferenceId": "f58c6195-16bb-42e4-b592-9bcfdc6fff7e",
            "terminalId": "11f0af09-0197-139b-ae14-415e2af402ed",
            "descriptor": "success webhook test - 1761111368033",
            "effectiveDate": "2026-09-16",
            "referenceId": "4c79876c-508c-4ea8-b19e-72a87faf7d20"
        }
    ]
}
HTTP/1.1 200 OK
Date: Wed, 22 Oct 2025 05:36:09 GMT
Content-Type: application/json
Transfer-Encoding: chunked
Connection: keep-alive
Vary: Origin
Vary: Access-Control-Request-Method
Vary: Access-Control-Request-Headers
X-Content-Type-Options: nosniff
X-XSS-Protection: 0
Cache-Control: no-cache, no-store, max-age=0, must-revalidate
Pragma: no-cache
Expires: 0
Strict-Transport-Security: max-age=31536000; includeSubDomains
X-Frame-Options: DENY
Location: https://secure.dev.30preprod.com/abcpg/payments/charge/11f0af09-0393-f512-ae14-415e2af402ed

{
    "responses": [
        {
            "amount": 2300,
            "referenceId": "4c79876c-508c-4ea8-b19e-72a87faf7d20",
            "tokenId": "11f092f8-1139-f15c-91b9-ef36cde23978",
            "terminalId": "11f0af09-0197-139b-ae14-415e2af402ed",
            "descriptor": "success webhook test - 1761111368033",
            "metadata": {
                "uniqueTransactionId": "DV2529500000001",
                "secCode": "PPD"
            },
            "transactionId": "11f0af09-0397-2963-ae14-415e2af402ed",
            "status": "SUCCESS"
        }
    ]
}
]]></system-out>
  <system-err><![CDATA[]]></system-err>
</testsuite>
