<?xml version="1.0" encoding="UTF-8"?>
<testsuite name="com.externalAPIs.tests.Charge.CreateAchPaymentChargeTests" tests="1" skipped="0" failures="0" errors="0" timestamp="2025-10-22T04:49:20.163Z" hostname="corp-gwil01.abcfinancial.net" time="1.629">
  <properties/>
  <testcase name="createAchPaymentCharge[0]({amount=2300, tokenId=11f092f8-1139-f15c-91b9-ef36cde23978, relatedReferenceId=f58c6195-16bb-42e4-b592-9bcfdc6fff7e, terminalId=11f0af02-77e3-3718-ae14-415e2af402ed, descriptor=success webhook test - 1761108560162, effectiveDate=2026-09-16, referenceId=e41d823e-1ad3-4c88-a90b-fd852b7daec3})" classname="com.externalAPIs.tests.Charge.CreateAchPaymentChargeTests" time="1.629"/>
  <system-out><![CDATA[]]>&#x1f510;<![CDATA[ Reusing cached GlofoxSecureClientToken
Request method:	POST
Request URI:	https://secure.dev.30preprod.com/api/abcpg/payments/charge
Proxy:			<none>
Request params:	<none>
Query params:	<none>
Form params:	<none>
Path params:	<none>
Headers:		Authorization=Bearer eyJraWQiOiJYOGw3MGhWWjI2R1AzUWwyIiwiYWxnIjoiUlMyNTYifQ.eyJzdWIiOiJHTE9GT1hfU0VDVVJFX0FVVEgiLCJhdWQiOiJhYmMtcGF5bWVudC1nYXRld2F5IiwibmJmIjoxNzYxMTA4NTMwLCJfdCI6IkNMSUVOVF9PTkxZIiwic2NvcGUiOlsic2VjdXJlOnByb3RlY3RlZCJdLCJpc3MiOiJodHRwczovL3NlY3VyZS5kZXYuMzBwcmVwcm9kLmNvbSIsImV4cCI6MTc2MTE5NDkzMCwiaWF0IjoxNzYxMTA4NTMwLCJqdGkiOiIxYjA3ZTE5OC05M2IzLTQyNDItODZjNi05NWJmMzc0MzkwZTQiLCJjbGllbnRfaWQiOiJHTE9GT1hfU0VDVVJFX0FVVEgiLCJhdXRob3JpdGllcyI6WyJ0cmFuc2FjdGlvbjpjbGllbnQtcmVhZCIsInBnLXBheW1lbnQ6Y2xpZW50LWNyZWF0ZSJdfQ.SxFxvQQj4dnvs-xQsnVJMj4wOjMzMENDRlesB-ZNwHEpNtpkqF8M4_qBQrsPlBse_KuM12PqROZsX5O_NUI5vLglrSzFvCZCUEStbhkerM_794TdQ66-BLvHKW-b-dQ2DohQXv-vCsDzpu5jCDs7LzdGeeWmvf6evx_-c10o6aALAzGU43Zk3k1FVM17BdsoPhBG8Wg8bA1gLJ500QlG4gMfJWZXpFrRWcwa37pm-f66hkApoWtx3vyFToZ7oegJ70uTNq0uZjg3tEjx_JjsUQN6AgzoIMjS0Lbcrffgs4rjzrZvHq06TS2dl6EDxCIykdToV0iuuPDSeMMBkwpckQ
				ABCFS-TENANT-ID=41424320-436f-6d70-616e-792020202020
				User-Agent=Automation-Test
				Accept=*/*
				Content-Type=application/json
Cookies:		<none>
Multiparts:		<none>
Body:
{
    "requests": [
        {
            "amount": "2300",
            "tokenId": "11f092f8-1139-f15c-91b9-ef36cde23978",
            "relatedReferenceId": "f58c6195-16bb-42e4-b592-9bcfdc6fff7e",
            "terminalId": "11f0af02-77e3-3718-ae14-415e2af402ed",
            "descriptor": "success webhook test - 1761108560162",
            "effectiveDate": "2026-09-16",
            "referenceId": "e41d823e-1ad3-4c88-a90b-fd852b7daec3"
        }
    ]
}
HTTP/1.1 200 OK
Date: Wed, 22 Oct 2025 04:49:21 GMT
Content-Type: application/json
Transfer-Encoding: chunked
Connection: keep-alive
Vary: Origin
Vary: Access-Control-Request-Method
Vary: Access-Control-Request-Headers
X-Content-Type-Options: nosniff
X-XSS-Protection: 0
Cache-Control: no-cache, no-store, max-age=0, must-revalidate
Pragma: no-cache
Expires: 0
Strict-Transport-Security: max-age=31536000; includeSubDomains
X-Frame-Options: DENY
Location: https://secure.dev.30preprod.com/abcpg/payments/charge/11f0af02-79d1-4a85-ae14-415e2af402ed

{
    "responses": [
        {
            "amount": 2300,
            "referenceId": "e41d823e-1ad3-4c88-a90b-fd852b7daec3",
            "tokenId": "11f092f8-1139-f15c-91b9-ef36cde23978",
            "terminalId": "11f0af02-77e3-3718-ae14-415e2af402ed",
            "descriptor": "success webhook test - 1761108560162",
            "metadata": {
                "uniqueTransactionId": "DV2529500000001",
                "secCode": "PPD"
            },
            "transactionId": "11f0af02-79d5-6936-ae14-415e2af402ed",
            "status": "SUCCESS"
        }
    ]
}
]]></system-out>
  <system-err><![CDATA[]]></system-err>
</testsuite>
