<?xml version="1.0" encoding="UTF-8"?>
<testsuite name="com.externalAPIs.tests.Charge.CreateRefundPaymentTests" tests="2" skipped="0" failures="2" errors="0" timestamp="2025-10-22T05:36:09.741Z" hostname="l115knel010721.abcfinancial.net" time="4.654">
  <properties/>
  <testcase name="createRefundPayment[0]({amount=2300, metadata={}, tokenId=11f092f5-df62-00cb-91b9-ef36cde23978, terminalId=11f0af09-0197-139b-ae14-415e2af402ed, descriptor=Refund via automation test - 1761111369741, referenceId=4c79876c-508c-4ea8-b19e-72a87faf7d20, effectiveDate=2025-09-16})" classname="com.externalAPIs.tests.Charge.CreateRefundPaymentTests" time="2.605">
    <failure message="java.lang.AssertionError: ❌ 401 - Unauthorized: Token invalid or expired." type="java.lang.AssertionError">java.lang.AssertionError: ❌ 401 - Unauthorized: Token invalid or expired.
	at org.testng.Assert.fail(Assert.java:111)
	at com.externalAPIs.tests.Charge.CreateRefundPaymentTests.createRefundPayment(CreateRefundPaymentTests.java:119)
	at java.base/jdk.internal.reflect.DirectMethodHandleAccessor.invoke(DirectMethodHandleAccessor.java:103)
	at java.base/java.lang.reflect.Method.invoke(Method.java:580)
	at org.testng.internal.invokers.MethodInvocationHelper.invokeMethod(MethodInvocationHelper.java:141)
	at org.testng.internal.invokers.TestInvoker.invokeMethod(TestInvoker.java:686)
	at org.testng.internal.invokers.TestInvoker.invokeTestMethod(TestInvoker.java:230)
	at org.testng.internal.invokers.MethodRunner.runInSequence(MethodRunner.java:63)
	at org.testng.internal.invokers.TestInvoker$MethodInvocationAgent.invoke(TestInvoker.java:992)
	at org.testng.internal.invokers.TestInvoker.invokeTestMethods(TestInvoker.java:203)
	at org.testng.internal.invokers.TestMethodWorker.invokeTestMethods(TestMethodWorker.java:154)
	at org.testng.internal.invokers.TestMethodWorker.run(TestMethodWorker.java:134)
	at java.base/java.util.ArrayList.forEach(ArrayList.java:1596)
	at org.testng.TestRunner.privateRun(TestRunner.java:739)
	at org.testng.TestRunner.run(TestRunner.java:614)
	at org.testng.SuiteRunner.runTest(SuiteRunner.java:421)
	at org.testng.SuiteRunner.runSequentially(SuiteRunner.java:413)
	at org.testng.SuiteRunner.privateRun(SuiteRunner.java:373)
	at org.testng.SuiteRunner.run(SuiteRunner.java:312)
	at org.testng.SuiteRunnerWorker.runSuite(SuiteRunnerWorker.java:52)
	at org.testng.SuiteRunnerWorker.run(SuiteRunnerWorker.java:95)
	at org.testng.TestNG.runSuitesSequentially(TestNG.java:1274)
	at org.testng.TestNG.runSuitesLocally(TestNG.java:1208)
	at org.testng.TestNG.runSuites(TestNG.java:1112)
	at org.testng.TestNG.run(TestNG.java:1079)
	at org.gradle.api.internal.tasks.testing.testng.TestNGTestClassProcessor.runTests(TestNGTestClassProcessor.java:153)
	at org.gradle.api.internal.tasks.testing.testng.TestNGTestClassProcessor.stop(TestNGTestClassProcessor.java:95)
	at org.gradle.api.internal.tasks.testing.SuiteTestClassProcessor.stop(SuiteTestClassProcessor.java:63)
	at java.base/jdk.internal.reflect.DirectMethodHandleAccessor.invoke(DirectMethodHandleAccessor.java:103)
	at java.base/java.lang.reflect.Method.invoke(Method.java:580)
	at org.gradle.internal.dispatch.ReflectionDispatch.dispatch(ReflectionDispatch.java:36)
	at org.gradle.internal.dispatch.ReflectionDispatch.dispatch(ReflectionDispatch.java:24)
	at org.gradle.internal.dispatch.ContextClassLoaderDispatch.dispatch(ContextClassLoaderDispatch.java:33)
	at org.gradle.internal.dispatch.ProxyDispatchAdapter$DispatchingInvocationHandler.invoke(ProxyDispatchAdapter.java:92)
	at jdk.proxy1/jdk.proxy1.$Proxy4.stop(Unknown Source)
	at org.gradle.api.internal.tasks.testing.worker.TestWorker$3.run(TestWorker.java:200)
	at org.gradle.api.internal.tasks.testing.worker.TestWorker.executeAndMaintainThreadName(TestWorker.java:132)
	at org.gradle.api.internal.tasks.testing.worker.TestWorker.execute(TestWorker.java:103)
	at org.gradle.api.internal.tasks.testing.worker.TestWorker.execute(TestWorker.java:63)
	at org.gradle.process.internal.worker.child.ActionExecutionWorker.execute(ActionExecutionWorker.java:56)
	at org.gradle.process.internal.worker.child.SystemApplicationClassLoaderWorker.call(SystemApplicationClassLoaderWorker.java:122)
	at org.gradle.process.internal.worker.child.SystemApplicationClassLoaderWorker.call(SystemApplicationClassLoaderWorker.java:72)
	at worker.org.gradle.process.internal.worker.GradleWorkerMain.run(GradleWorkerMain.java:69)
	at worker.org.gradle.process.internal.worker.GradleWorkerMain.main(GradleWorkerMain.java:74)
</failure>
  </testcase>
  <testcase name="createRefundPayment[1]({amount=1500, metadata={}, tokenId=11f092f8-1139-f15c-91b9-ef36cde23978, terminalId=11f0af09-0197-139b-ae14-415e2af402ed, descriptor=Partial refund validation test - 1761111369741, referenceId=4c79876c-508c-4ea8-b19e-72a87faf7d20, effectiveDate=2025-09-20})" classname="com.externalAPIs.tests.Charge.CreateRefundPaymentTests" time="2.04">
    <failure message="java.lang.AssertionError: ❌ 401 - Unauthorized: Token invalid or expired." type="java.lang.AssertionError">java.lang.AssertionError: ❌ 401 - Unauthorized: Token invalid or expired.
	at org.testng.Assert.fail(Assert.java:111)
	at com.externalAPIs.tests.Charge.CreateRefundPaymentTests.createRefundPayment(CreateRefundPaymentTests.java:119)
	at java.base/jdk.internal.reflect.DirectMethodHandleAccessor.invoke(DirectMethodHandleAccessor.java:103)
	at java.base/java.lang.reflect.Method.invoke(Method.java:580)
	at org.testng.internal.invokers.MethodInvocationHelper.invokeMethod(MethodInvocationHelper.java:141)
	at org.testng.internal.invokers.TestInvoker.invokeMethod(TestInvoker.java:686)
	at org.testng.internal.invokers.TestInvoker.invokeTestMethod(TestInvoker.java:230)
	at org.testng.internal.invokers.MethodRunner.runInSequence(MethodRunner.java:63)
	at org.testng.internal.invokers.TestInvoker$MethodInvocationAgent.invoke(TestInvoker.java:992)
	at org.testng.internal.invokers.TestInvoker.invokeTestMethods(TestInvoker.java:203)
	at org.testng.internal.invokers.TestMethodWorker.invokeTestMethods(TestMethodWorker.java:154)
	at org.testng.internal.invokers.TestMethodWorker.run(TestMethodWorker.java:134)
	at java.base/java.util.ArrayList.forEach(ArrayList.java:1596)
	at org.testng.TestRunner.privateRun(TestRunner.java:739)
	at org.testng.TestRunner.run(TestRunner.java:614)
	at org.testng.SuiteRunner.runTest(SuiteRunner.java:421)
	at org.testng.SuiteRunner.runSequentially(SuiteRunner.java:413)
	at org.testng.SuiteRunner.privateRun(SuiteRunner.java:373)
	at org.testng.SuiteRunner.run(SuiteRunner.java:312)
	at org.testng.SuiteRunnerWorker.runSuite(SuiteRunnerWorker.java:52)
	at org.testng.SuiteRunnerWorker.run(SuiteRunnerWorker.java:95)
	at org.testng.TestNG.runSuitesSequentially(TestNG.java:1274)
	at org.testng.TestNG.runSuitesLocally(TestNG.java:1208)
	at org.testng.TestNG.runSuites(TestNG.java:1112)
	at org.testng.TestNG.run(TestNG.java:1079)
	at org.gradle.api.internal.tasks.testing.testng.TestNGTestClassProcessor.runTests(TestNGTestClassProcessor.java:153)
	at org.gradle.api.internal.tasks.testing.testng.TestNGTestClassProcessor.stop(TestNGTestClassProcessor.java:95)
	at org.gradle.api.internal.tasks.testing.SuiteTestClassProcessor.stop(SuiteTestClassProcessor.java:63)
	at java.base/jdk.internal.reflect.DirectMethodHandleAccessor.invoke(DirectMethodHandleAccessor.java:103)
	at java.base/java.lang.reflect.Method.invoke(Method.java:580)
	at org.gradle.internal.dispatch.ReflectionDispatch.dispatch(ReflectionDispatch.java:36)
	at org.gradle.internal.dispatch.ReflectionDispatch.dispatch(ReflectionDispatch.java:24)
	at org.gradle.internal.dispatch.ContextClassLoaderDispatch.dispatch(ContextClassLoaderDispatch.java:33)
	at org.gradle.internal.dispatch.ProxyDispatchAdapter$DispatchingInvocationHandler.invoke(ProxyDispatchAdapter.java:92)
	at jdk.proxy1/jdk.proxy1.$Proxy4.stop(Unknown Source)
	at org.gradle.api.internal.tasks.testing.worker.TestWorker$3.run(TestWorker.java:200)
	at org.gradle.api.internal.tasks.testing.worker.TestWorker.executeAndMaintainThreadName(TestWorker.java:132)
	at org.gradle.api.internal.tasks.testing.worker.TestWorker.execute(TestWorker.java:103)
	at org.gradle.api.internal.tasks.testing.worker.TestWorker.execute(TestWorker.java:63)
	at org.gradle.process.internal.worker.child.ActionExecutionWorker.execute(ActionExecutionWorker.java:56)
	at org.gradle.process.internal.worker.child.SystemApplicationClassLoaderWorker.call(SystemApplicationClassLoaderWorker.java:122)
	at org.gradle.process.internal.worker.child.SystemApplicationClassLoaderWorker.call(SystemApplicationClassLoaderWorker.java:72)
	at worker.org.gradle.process.internal.worker.GradleWorkerMain.run(GradleWorkerMain.java:69)
	at worker.org.gradle.process.internal.worker.GradleWorkerMain.main(GradleWorkerMain.java:74)
</failure>
  </testcase>
  <system-out><![CDATA[]]>&#x1f9fe;<![CDATA[ Prepared Refund Data: {amount=2300, metadata={}, tokenId=11f092f5-df62-00cb-91b9-ef36cde23978, terminalId=11f0af09-0197-139b-ae14-415e2af402ed, descriptor=Refund via automation test - 1761111369741, referenceId=4c79876c-508c-4ea8-b19e-72a87faf7d20, effectiveDate=2025-09-16}
]]>&#x1f9fe;<![CDATA[ Prepared Refund Data: {amount=1500, metadata={}, tokenId=11f092f8-1139-f15c-91b9-ef36cde23978, terminalId=11f0af09-0197-139b-ae14-415e2af402ed, descriptor=Partial refund validation test - 1761111369741, referenceId=4c79876c-508c-4ea8-b19e-72a87faf7d20, effectiveDate=2025-09-20}
]]>&#x1f510;<![CDATA[ Reusing cached GlofoxSecureClientToken
Request method:	POST
Request URI:	https://api-dev.pgw.abc.fitness/api/payment-gateway/payments/refund
Proxy:			<none>
Request params:	<none>
Query params:	<none>
Form params:	<none>
Path params:	<none>
Headers:		Authorization=Bearer eyJraWQiOiJYOGw3MGhWWjI2R1AzUWwyIiwiYWxnIjoiUlMyNTYifQ.eyJzdWIiOiJHTE9GT1hfU0VDVVJFX0FVVEgiLCJhdWQiOiJhYmMtcGF5bWVudC1nYXRld2F5IiwibmJmIjoxNzYxMTExMzM5LCJfdCI6IkNMSUVOVF9PTkxZIiwic2NvcGUiOlsic2VjdXJlOnByb3RlY3RlZCJdLCJpc3MiOiJodHRwczovL3NlY3VyZS5kZXYuMzBwcmVwcm9kLmNvbSIsImV4cCI6MTc2MTE5NzczOSwiaWF0IjoxNzYxMTExMzM5LCJqdGkiOiI5NmU1N2ZjOS01MmI5LTQ1ZjUtYTk3MS05MGFhMmEyOWZjNDgiLCJjbGllbnRfaWQiOiJHTE9GT1hfU0VDVVJFX0FVVEgiLCJhdXRob3JpdGllcyI6WyJ0cmFuc2FjdGlvbjpjbGllbnQtcmVhZCIsInBnLXBheW1lbnQ6Y2xpZW50LWNyZWF0ZSJdfQ.aB_Ompb5w1yUrtttbHGttGZ7j6I6DbfEyRapV5V_enAkv5IaBmivV7KcBKB8iPDB_XoWNSO3CSjEAsd7UnNvaqLAfxMXoZYRWkHfGHPzf-BcVMSNVA8clbUXkq9ofTnL9JQoGh6VkutHxYIZA8q7Zx-xhDI0Kg2GBWM9OYq_AdeeSoU3SLrzf9JwxU1So_HAKWNp3Kx1caFROCE2fmMYce0NY63-l9jVG4ufuxb7tBDsuoGi0ljlVZFow1fyTLMKxLhSut0X3A95XUIGzS59WcVomrxUJzpp1C0x_Xkujiamlan-N_pot2JohGhWmIRjIanxISwRx8YOisSN9YFDpw
				ABCFS-TENANT-ID=41424320-436f-6d70-616e-792020202020
				User-Agent=Automation-Test
				Accept=*/*
				Content-Type=application/json
Cookies:		<none>
Multiparts:		<none>
Body:
{
    "requests": [
        {
            "amount": "2300",
            "metadata": {
                
            },
            "tokenId": "11f092f5-df62-00cb-91b9-ef36cde23978",
            "terminalId": "11f0af09-0197-139b-ae14-415e2af402ed",
            "descriptor": "Refund via automation test - 1761111369741",
            "referenceId": "4c79876c-508c-4ea8-b19e-72a87faf7d20",
            "effectiveDate": "2025-09-16"
        }
    ]
}
HTTP/1.1 401 Unauthorized
Date: Wed, 22 Oct 2025 05:36:11 GMT
Content-Type: application/json
Content-Length: 49
Connection: keep-alive
x-gravitee-transaction-id: 11438621-f908-47bc-8386-21f908b7bc0b
x-gravitee-request-id: 11438621-f908-47bc-8386-21f908b7bc0b
cf-cache-status: DYNAMIC
Nel: {"report_to":"cf-nel","success_fraction":0.0,"max_age":604800}
Report-To: {"group":"cf-nel","max_age":604800,"endpoints":[{"url":"https://a.nel.cloudflare.com/report/v4?s=C%2BcfnXPjxiOefb%2BinkWdGN8c4%2BI6H47txhxr1WRHUUrqViixc593MO3dQiaFgphnnue7ejEN7qdKzYtgOiI3zcVkmQT7wxlv7Vege1u03PrsU%2Fk5LKFC"}]}
Server: cloudflare
CF-RAY: 9926a2b67e77f098-DFW
alt-svc: h3=":443"; ma=86400

{
    "message": "Unauthorized",
    "http_status_code": 401
}
]]>&#x1f510;<![CDATA[ Reusing cached GlofoxSecureClientToken
Request method:	POST
Request URI:	https://api-dev.pgw.abc.fitness/api/payment-gateway/payments/refund
Proxy:			<none>
Request params:	<none>
Query params:	<none>
Form params:	<none>
Path params:	<none>
Headers:		Authorization=Bearer eyJraWQiOiJYOGw3MGhWWjI2R1AzUWwyIiwiYWxnIjoiUlMyNTYifQ.eyJzdWIiOiJHTE9GT1hfU0VDVVJFX0FVVEgiLCJhdWQiOiJhYmMtcGF5bWVudC1nYXRld2F5IiwibmJmIjoxNzYxMTExMzM5LCJfdCI6IkNMSUVOVF9PTkxZIiwic2NvcGUiOlsic2VjdXJlOnByb3RlY3RlZCJdLCJpc3MiOiJodHRwczovL3NlY3VyZS5kZXYuMzBwcmVwcm9kLmNvbSIsImV4cCI6MTc2MTE5NzczOSwiaWF0IjoxNzYxMTExMzM5LCJqdGkiOiI5NmU1N2ZjOS01MmI5LTQ1ZjUtYTk3MS05MGFhMmEyOWZjNDgiLCJjbGllbnRfaWQiOiJHTE9GT1hfU0VDVVJFX0FVVEgiLCJhdXRob3JpdGllcyI6WyJ0cmFuc2FjdGlvbjpjbGllbnQtcmVhZCIsInBnLXBheW1lbnQ6Y2xpZW50LWNyZWF0ZSJdfQ.aB_Ompb5w1yUrtttbHGttGZ7j6I6DbfEyRapV5V_enAkv5IaBmivV7KcBKB8iPDB_XoWNSO3CSjEAsd7UnNvaqLAfxMXoZYRWkHfGHPzf-BcVMSNVA8clbUXkq9ofTnL9JQoGh6VkutHxYIZA8q7Zx-xhDI0Kg2GBWM9OYq_AdeeSoU3SLrzf9JwxU1So_HAKWNp3Kx1caFROCE2fmMYce0NY63-l9jVG4ufuxb7tBDsuoGi0ljlVZFow1fyTLMKxLhSut0X3A95XUIGzS59WcVomrxUJzpp1C0x_Xkujiamlan-N_pot2JohGhWmIRjIanxISwRx8YOisSN9YFDpw
				ABCFS-TENANT-ID=41424320-436f-6d70-616e-792020202020
				User-Agent=Automation-Test
				Accept=*/*
				Content-Type=application/json
Cookies:		<none>
Multiparts:		<none>
Body:
{
    "requests": [
        {
            "amount": "2300",
            "metadata": {
                
            },
            "tokenId": "11f092f5-df62-00cb-91b9-ef36cde23978",
            "terminalId": "11f0af09-0197-139b-ae14-415e2af402ed",
            "descriptor": "Refund via automation test - 1761111369741",
            "referenceId": "4c79876c-508c-4ea8-b19e-72a87faf7d20",
            "effectiveDate": "2025-09-16"
        }
    ]
}
HTTP/1.1 401 Unauthorized
Date: Wed, 22 Oct 2025 05:36:12 GMT
Content-Type: application/json
Content-Length: 49
Connection: keep-alive
x-gravitee-transaction-id: e2a57ba0-350b-47e7-a57b-a0350bd7e7d5
x-gravitee-request-id: e2a57ba0-350b-47e7-a57b-a0350bd7e7d5
cf-cache-status: DYNAMIC
Nel: {"report_to":"cf-nel","success_fraction":0.0,"max_age":604800}
Report-To: {"group":"cf-nel","max_age":604800,"endpoints":[{"url":"https://a.nel.cloudflare.com/report/v4?s=fXdgGH0z3Sq3G2PElQo1UMPf43snmSzL%2Bt%2FUCMX3WN24J8m9oGFWqo5ns8Ql8LosM5abZvC2w5TZa8DE%2B2HyJz532MAEUDvfl7Y1isIQva8vMW2FQwuR"}]}
Server: cloudflare
CF-RAY: 9926a2bd291c2cc9-DFW
alt-svc: h3=":443"; ma=86400

{
    "message": "Unauthorized",
    "http_status_code": 401
}
]]>&#x1f510;<![CDATA[ Reusing cached GlofoxSecureClientToken
Request method:	POST
Request URI:	https://api-dev.pgw.abc.fitness/api/payment-gateway/payments/refund
Proxy:			<none>
Request params:	<none>
Query params:	<none>
Form params:	<none>
Path params:	<none>
Headers:		Authorization=Bearer eyJraWQiOiJYOGw3MGhWWjI2R1AzUWwyIiwiYWxnIjoiUlMyNTYifQ.eyJzdWIiOiJHTE9GT1hfU0VDVVJFX0FVVEgiLCJhdWQiOiJhYmMtcGF5bWVudC1nYXRld2F5IiwibmJmIjoxNzYxMTExMzM5LCJfdCI6IkNMSUVOVF9PTkxZIiwic2NvcGUiOlsic2VjdXJlOnByb3RlY3RlZCJdLCJpc3MiOiJodHRwczovL3NlY3VyZS5kZXYuMzBwcmVwcm9kLmNvbSIsImV4cCI6MTc2MTE5NzczOSwiaWF0IjoxNzYxMTExMzM5LCJqdGkiOiI5NmU1N2ZjOS01MmI5LTQ1ZjUtYTk3MS05MGFhMmEyOWZjNDgiLCJjbGllbnRfaWQiOiJHTE9GT1hfU0VDVVJFX0FVVEgiLCJhdXRob3JpdGllcyI6WyJ0cmFuc2FjdGlvbjpjbGllbnQtcmVhZCIsInBnLXBheW1lbnQ6Y2xpZW50LWNyZWF0ZSJdfQ.aB_Ompb5w1yUrtttbHGttGZ7j6I6DbfEyRapV5V_enAkv5IaBmivV7KcBKB8iPDB_XoWNSO3CSjEAsd7UnNvaqLAfxMXoZYRWkHfGHPzf-BcVMSNVA8clbUXkq9ofTnL9JQoGh6VkutHxYIZA8q7Zx-xhDI0Kg2GBWM9OYq_AdeeSoU3SLrzf9JwxU1So_HAKWNp3Kx1caFROCE2fmMYce0NY63-l9jVG4ufuxb7tBDsuoGi0ljlVZFow1fyTLMKxLhSut0X3A95XUIGzS59WcVomrxUJzpp1C0x_Xkujiamlan-N_pot2JohGhWmIRjIanxISwRx8YOisSN9YFDpw
				ABCFS-TENANT-ID=41424320-436f-6d70-616e-792020202020
				User-Agent=Automation-Test
				Accept=*/*
				Content-Type=application/json
Cookies:		<none>
Multiparts:		<none>
Body:
{
    "requests": [
        {
            "amount": "1500",
            "metadata": {
                
            },
            "tokenId": "11f092f8-1139-f15c-91b9-ef36cde23978",
            "terminalId": "11f0af09-0197-139b-ae14-415e2af402ed",
            "descriptor": "Partial refund validation test - 1761111369741",
            "referenceId": "4c79876c-508c-4ea8-b19e-72a87faf7d20",
            "effectiveDate": "2025-09-20"
        }
    ]
}
HTTP/1.1 401 Unauthorized
Date: Wed, 22 Oct 2025 05:36:13 GMT
Content-Type: application/json
Content-Length: 49
Connection: keep-alive
x-gravitee-transaction-id: d2c8d6c0-47cd-481f-88d6-c047cdb81f11
x-gravitee-request-id: d2c8d6c0-47cd-481f-88d6-c047cdb81f11
cf-cache-status: DYNAMIC
Nel: {"report_to":"cf-nel","success_fraction":0.0,"max_age":604800}
Report-To: {"group":"cf-nel","max_age":604800,"endpoints":[{"url":"https://a.nel.cloudflare.com/report/v4?s=HqrBRQa2bHjc4OpSOKnYbU8NYERdeN%2FMthsM1TLAkRitHC9RNRoCGXj2giJe9Mj50NGltosagxDDIX2ptjrLdCH3ORn3VKYbRgQM8d8k%2B4y835cX6Kj7"}]}
Server: cloudflare
CF-RAY: 9926a2c33fd0486d-DFW
alt-svc: h3=":443"; ma=86400

{
    "message": "Unauthorized",
    "http_status_code": 401
}
]]>&#x1f510;<![CDATA[ Reusing cached GlofoxSecureClientToken
Request method:	POST
Request URI:	https://api-dev.pgw.abc.fitness/api/payment-gateway/payments/refund
Proxy:			<none>
Request params:	<none>
Query params:	<none>
Form params:	<none>
Path params:	<none>
Headers:		Authorization=Bearer eyJraWQiOiJYOGw3MGhWWjI2R1AzUWwyIiwiYWxnIjoiUlMyNTYifQ.eyJzdWIiOiJHTE9GT1hfU0VDVVJFX0FVVEgiLCJhdWQiOiJhYmMtcGF5bWVudC1nYXRld2F5IiwibmJmIjoxNzYxMTExMzM5LCJfdCI6IkNMSUVOVF9PTkxZIiwic2NvcGUiOlsic2VjdXJlOnByb3RlY3RlZCJdLCJpc3MiOiJodHRwczovL3NlY3VyZS5kZXYuMzBwcmVwcm9kLmNvbSIsImV4cCI6MTc2MTE5NzczOSwiaWF0IjoxNzYxMTExMzM5LCJqdGkiOiI5NmU1N2ZjOS01MmI5LTQ1ZjUtYTk3MS05MGFhMmEyOWZjNDgiLCJjbGllbnRfaWQiOiJHTE9GT1hfU0VDVVJFX0FVVEgiLCJhdXRob3JpdGllcyI6WyJ0cmFuc2FjdGlvbjpjbGllbnQtcmVhZCIsInBnLXBheW1lbnQ6Y2xpZW50LWNyZWF0ZSJdfQ.aB_Ompb5w1yUrtttbHGttGZ7j6I6DbfEyRapV5V_enAkv5IaBmivV7KcBKB8iPDB_XoWNSO3CSjEAsd7UnNvaqLAfxMXoZYRWkHfGHPzf-BcVMSNVA8clbUXkq9ofTnL9JQoGh6VkutHxYIZA8q7Zx-xhDI0Kg2GBWM9OYq_AdeeSoU3SLrzf9JwxU1So_HAKWNp3Kx1caFROCE2fmMYce0NY63-l9jVG4ufuxb7tBDsuoGi0ljlVZFow1fyTLMKxLhSut0X3A95XUIGzS59WcVomrxUJzpp1C0x_Xkujiamlan-N_pot2JohGhWmIRjIanxISwRx8YOisSN9YFDpw
				ABCFS-TENANT-ID=41424320-436f-6d70-616e-792020202020
				User-Agent=Automation-Test
				Accept=*/*
				Content-Type=application/json
Cookies:		<none>
Multiparts:		<none>
Body:
{
    "requests": [
        {
            "amount": "1500",
            "metadata": {
                
            },
            "tokenId": "11f092f8-1139-f15c-91b9-ef36cde23978",
            "terminalId": "11f0af09-0197-139b-ae14-415e2af402ed",
            "descriptor": "Partial refund validation test - 1761111369741",
            "referenceId": "4c79876c-508c-4ea8-b19e-72a87faf7d20",
            "effectiveDate": "2025-09-20"
        }
    ]
}
HTTP/1.1 401 Unauthorized
Date: Wed, 22 Oct 2025 05:36:14 GMT
Content-Type: application/json
Content-Length: 49
Connection: keep-alive
x-gravitee-transaction-id: d962be6b-2348-41b7-a2be-6b234841b726
x-gravitee-request-id: d962be6b-2348-41b7-a2be-6b234841b726
cf-cache-status: DYNAMIC
Nel: {"report_to":"cf-nel","success_fraction":0.0,"max_age":604800}
Report-To: {"group":"cf-nel","max_age":604800,"endpoints":[{"url":"https://a.nel.cloudflare.com/report/v4?s=LGfbj7VsQKDd027PncfyjYy%2BiylEayQ2SRgEJCu1bOpWSsPakaGajMLXR3wkntaLjgt4qBogOZZ0TzwAlHLkkXouRLIWNM0%2FI7J0RET7nkLDt4RfM9c2"}]}
Server: cloudflare
CF-RAY: 9926a2c9de2067aa-DFW
alt-svc: h3=":443"; ma=86400

{
    "message": "Unauthorized",
    "http_status_code": 401
}
]]></system-out>
  <system-err><![CDATA[]]></system-err>
</testsuite>
