<?xml version="1.0" encoding="UTF-8"?>
<testsuite name="com.externalAPIs.tests.auth.Glofox_SecureClientTokenTests" tests="1" skipped="0" failures="0" errors="0" timestamp="2025-10-17T08:01:27.021Z" hostname="corp-gwil01.abcfinancial.net" time="3.454">
  <properties/>
  <testcase name="getGlofoxSecureClientToken" classname="com.externalAPIs.tests.auth.Glofox_SecureClientTokenTests" time="3.454"/>
  <system-out><![CDATA[]]>&#x1f4c2;<![CDATA[ ResponseStore loaded with 0 entries.
✅ Loaded environment: dev
Request method:	POST
Request URI:	https://secure.dev.30preprod.com/api/token
Proxy:			<none>
Request params:	<none>
Query params:	<none>
Form params:	grant_type=client_credentials
Path params:	<none>
Headers:		Authorization=Basic R0xPRk9YX1NFQ1VSRV9BVVRIOkdMT0ZPWF9TRUNVUkVfQVVUSA==
				Accept=application/json
				User-Agent=RestAssured-Automation
				Content-Type=application/x-www-form-urlencoded; charset=ISO-8859-1
Cookies:		<none>
Multiparts:		<none>
Body:			<none>
HTTP/1.1 200 OK
Date: Fri, 17 Oct 2025 08:01:29 GMT
Content-Type: application/json;charset=UTF-8
Transfer-Encoding: chunked
Connection: keep-alive
Vary: Origin
Vary: Access-Control-Request-Method
Vary: Access-Control-Request-Headers
X-Content-Type-Options: nosniff
X-XSS-Protection: 0
Cache-Control: no-cache, no-store, max-age=0, must-revalidate
Pragma: no-cache
Expires: 0
Strict-Transport-Security: max-age=31536000; includeSubDomains
X-Frame-Options: DENY
Content-Language: en-US

{
    "access_token": "eyJraWQiOiJYOGw3MGhWWjI2R1AzUWwyIiwiYWxnIjoiUlMyNTYifQ.eyJzdWIiOiJHTE9GT1hfU0VDVVJFX0FVVEgiLCJhdWQiOiJhYmMtcGF5bWVudC1nYXRld2F5IiwibmJmIjoxNzYwNjg4MDg5LCJfdCI6IkNMSUVOVF9PTkxZIiwic2NvcGUiOlsic2VjdXJlOnByb3RlY3RlZCJdLCJpc3MiOiJodHRwczovL3NlY3VyZS5kZXYuMzBwcmVwcm9kLmNvbSIsImV4cCI6MTc2MDc3NDQ4OSwiaWF0IjoxNzYwNjg4MDg5LCJqdGkiOiI1YzAxMTcwZi00NGNkLTQ4NGUtYTBkZi1mYjcyOWM0OGE0NGMiLCJjbGllbnRfaWQiOiJHTE9GT1hfU0VDVVJFX0FVVEgiLCJhdXRob3JpdGllcyI6WyJ0cmFuc2FjdGlvbjpjbGllbnQtcmVhZCIsInBnLXBheW1lbnQ6Y2xpZW50LWNyZWF0ZSJdfQ.GXD-evQxDbYdcgszYvw6jx8QGz3Z4Evp8fXQ_zM8QWyooScWi3yABt4lHXL13sVVzpOZCr43nbdePsn5v0LqP2kx25UzVUrPN1UNxZj8sgANV6kHLgkDQXYnAAuPkWDtG-p7XegpnahfKpYsBxn3lw_i-oYQQZ6jmlqr1pGhuPC2z24j5nxMHS1dcrgugO6dYP6x4FsOovJuIH203FZGtTjubbvIqBkBxamNjX3PTDrOGM5nlnCkYl84AB34Vvhy8zxySAd_5FGnKBUjiIZ9WZlWnQAvhWEj4EM_bOOdhYTR_1AzYpg8qJkzyLRykeweQyuXNRcEiRtbTrfsGU9ZPw",
    "token_type": "Bearer",
    "expires_in": 86399
}
]]></system-out>
  <system-err><![CDATA[]]></system-err>
</testsuite>
