<?xml version="1.0" encoding="UTF-8"?>
<testsuite name="com.externalAPIs.tests.Charge.CreateRefundPaymentTests" tests="2" skipped="0" failures="2" errors="0" timestamp="2025-10-22T04:49:21.795Z" hostname="corp-gwil01.abcfinancial.net" time="4.312">
  <properties/>
  <testcase name="createRefundPayment[0]({amount=2300, metadata={}, tokenId=11f092f5-df62-00cb-91b9-ef36cde23978, terminalId=11f0af02-77e3-3718-ae14-415e2af402ed, descriptor=Refund via automation test - 1761108561794, referenceId=e41d823e-1ad3-4c88-a90b-fd852b7daec3, effectiveDate=2025-09-16})" classname="com.externalAPIs.tests.Charge.CreateRefundPaymentTests" time="2.56">
    <failure message="java.lang.AssertionError: ❌ 401 - Unauthorized: Token invalid or expired." type="java.lang.AssertionError">java.lang.AssertionError: ❌ 401 - Unauthorized: Token invalid or expired.
	at org.testng.Assert.fail(Assert.java:111)
	at com.externalAPIs.tests.Charge.CreateRefundPaymentTests.createRefundPayment(CreateRefundPaymentTests.java:119)
	at java.base/jdk.internal.reflect.DirectMethodHandleAccessor.invoke(DirectMethodHandleAccessor.java:103)
	at java.base/java.lang.reflect.Method.invoke(Method.java:580)
	at org.testng.internal.invokers.MethodInvocationHelper.invokeMethod(MethodInvocationHelper.java:141)
	at org.testng.internal.invokers.TestInvoker.invokeMethod(TestInvoker.java:686)
	at org.testng.internal.invokers.TestInvoker.invokeTestMethod(TestInvoker.java:230)
	at org.testng.internal.invokers.MethodRunner.runInSequence(MethodRunner.java:63)
	at org.testng.internal.invokers.TestInvoker$MethodInvocationAgent.invoke(TestInvoker.java:992)
	at org.testng.internal.invokers.TestInvoker.invokeTestMethods(TestInvoker.java:203)
	at org.testng.internal.invokers.TestMethodWorker.invokeTestMethods(TestMethodWorker.java:154)
	at org.testng.internal.invokers.TestMethodWorker.run(TestMethodWorker.java:134)
	at java.base/java.util.ArrayList.forEach(ArrayList.java:1596)
	at org.testng.TestRunner.privateRun(TestRunner.java:739)
	at org.testng.TestRunner.run(TestRunner.java:614)
	at org.testng.SuiteRunner.runTest(SuiteRunner.java:421)
	at org.testng.SuiteRunner.runSequentially(SuiteRunner.java:413)
	at org.testng.SuiteRunner.privateRun(SuiteRunner.java:373)
	at org.testng.SuiteRunner.run(SuiteRunner.java:312)
	at org.testng.SuiteRunnerWorker.runSuite(SuiteRunnerWorker.java:52)
	at org.testng.SuiteRunnerWorker.run(SuiteRunnerWorker.java:95)
	at org.testng.TestNG.runSuitesSequentially(TestNG.java:1274)
	at org.testng.TestNG.runSuitesLocally(TestNG.java:1208)
	at org.testng.TestNG.runSuites(TestNG.java:1112)
	at org.testng.TestNG.run(TestNG.java:1079)
	at org.gradle.api.internal.tasks.testing.testng.TestNGTestRunner.runTests(TestNGTestRunner.java:131)
	at org.gradle.api.internal.tasks.testing.testng.TestNGTestClassProcessor.stop(TestNGTestClassProcessor.java:103)
	at org.gradle.api.internal.tasks.testing.SuiteTestClassProcessor.stop(SuiteTestClassProcessor.java:64)
	at java.base/jdk.internal.reflect.DirectMethodHandleAccessor.invoke(DirectMethodHandleAccessor.java:103)
	at java.base/java.lang.reflect.Method.invoke(Method.java:580)
	at org.gradle.internal.dispatch.ReflectionDispatch.dispatch(ReflectionDispatch.java:36)
	at org.gradle.internal.dispatch.ReflectionDispatch.dispatch(ReflectionDispatch.java:24)
	at org.gradle.internal.dispatch.ContextClassLoaderDispatch.dispatch(ContextClassLoaderDispatch.java:33)
	at org.gradle.internal.dispatch.ProxyDispatchAdapter$DispatchingInvocationHandler.invoke(ProxyDispatchAdapter.java:92)
	at jdk.proxy1/jdk.proxy1.$Proxy4.stop(Unknown Source)
	at org.gradle.api.internal.tasks.testing.worker.TestWorker$3.run(TestWorker.java:200)
	at org.gradle.api.internal.tasks.testing.worker.TestWorker.executeAndMaintainThreadName(TestWorker.java:132)
	at org.gradle.api.internal.tasks.testing.worker.TestWorker.execute(TestWorker.java:103)
	at org.gradle.api.internal.tasks.testing.worker.TestWorker.execute(TestWorker.java:63)
	at org.gradle.process.internal.worker.child.ActionExecutionWorker.execute(ActionExecutionWorker.java:56)
	at org.gradle.process.internal.worker.child.SystemApplicationClassLoaderWorker.call(SystemApplicationClassLoaderWorker.java:122)
	at org.gradle.process.internal.worker.child.SystemApplicationClassLoaderWorker.call(SystemApplicationClassLoaderWorker.java:72)
	at worker.org.gradle.process.internal.worker.GradleWorkerMain.run(GradleWorkerMain.java:69)
	at worker.org.gradle.process.internal.worker.GradleWorkerMain.main(GradleWorkerMain.java:74)
</failure>
  </testcase>
  <testcase name="createRefundPayment[1]({amount=1500, metadata={}, tokenId=11f092f8-1139-f15c-91b9-ef36cde23978, terminalId=11f0af02-77e3-3718-ae14-415e2af402ed, descriptor=Partial refund validation test - 1761108561794, referenceId=e41d823e-1ad3-4c88-a90b-fd852b7daec3, effectiveDate=2025-09-20})" classname="com.externalAPIs.tests.Charge.CreateRefundPaymentTests" time="1.747">
    <failure message="java.lang.AssertionError: ❌ 401 - Unauthorized: Token invalid or expired." type="java.lang.AssertionError">java.lang.AssertionError: ❌ 401 - Unauthorized: Token invalid or expired.
	at org.testng.Assert.fail(Assert.java:111)
	at com.externalAPIs.tests.Charge.CreateRefundPaymentTests.createRefundPayment(CreateRefundPaymentTests.java:119)
	at java.base/jdk.internal.reflect.DirectMethodHandleAccessor.invoke(DirectMethodHandleAccessor.java:103)
	at java.base/java.lang.reflect.Method.invoke(Method.java:580)
	at org.testng.internal.invokers.MethodInvocationHelper.invokeMethod(MethodInvocationHelper.java:141)
	at org.testng.internal.invokers.TestInvoker.invokeMethod(TestInvoker.java:686)
	at org.testng.internal.invokers.TestInvoker.invokeTestMethod(TestInvoker.java:230)
	at org.testng.internal.invokers.MethodRunner.runInSequence(MethodRunner.java:63)
	at org.testng.internal.invokers.TestInvoker$MethodInvocationAgent.invoke(TestInvoker.java:992)
	at org.testng.internal.invokers.TestInvoker.invokeTestMethods(TestInvoker.java:203)
	at org.testng.internal.invokers.TestMethodWorker.invokeTestMethods(TestMethodWorker.java:154)
	at org.testng.internal.invokers.TestMethodWorker.run(TestMethodWorker.java:134)
	at java.base/java.util.ArrayList.forEach(ArrayList.java:1596)
	at org.testng.TestRunner.privateRun(TestRunner.java:739)
	at org.testng.TestRunner.run(TestRunner.java:614)
	at org.testng.SuiteRunner.runTest(SuiteRunner.java:421)
	at org.testng.SuiteRunner.runSequentially(SuiteRunner.java:413)
	at org.testng.SuiteRunner.privateRun(SuiteRunner.java:373)
	at org.testng.SuiteRunner.run(SuiteRunner.java:312)
	at org.testng.SuiteRunnerWorker.runSuite(SuiteRunnerWorker.java:52)
	at org.testng.SuiteRunnerWorker.run(SuiteRunnerWorker.java:95)
	at org.testng.TestNG.runSuitesSequentially(TestNG.java:1274)
	at org.testng.TestNG.runSuitesLocally(TestNG.java:1208)
	at org.testng.TestNG.runSuites(TestNG.java:1112)
	at org.testng.TestNG.run(TestNG.java:1079)
	at org.gradle.api.internal.tasks.testing.testng.TestNGTestRunner.runTests(TestNGTestRunner.java:131)
	at org.gradle.api.internal.tasks.testing.testng.TestNGTestClassProcessor.stop(TestNGTestClassProcessor.java:103)
	at org.gradle.api.internal.tasks.testing.SuiteTestClassProcessor.stop(SuiteTestClassProcessor.java:64)
	at java.base/jdk.internal.reflect.DirectMethodHandleAccessor.invoke(DirectMethodHandleAccessor.java:103)
	at java.base/java.lang.reflect.Method.invoke(Method.java:580)
	at org.gradle.internal.dispatch.ReflectionDispatch.dispatch(ReflectionDispatch.java:36)
	at org.gradle.internal.dispatch.ReflectionDispatch.dispatch(ReflectionDispatch.java:24)
	at org.gradle.internal.dispatch.ContextClassLoaderDispatch.dispatch(ContextClassLoaderDispatch.java:33)
	at org.gradle.internal.dispatch.ProxyDispatchAdapter$DispatchingInvocationHandler.invoke(ProxyDispatchAdapter.java:92)
	at jdk.proxy1/jdk.proxy1.$Proxy4.stop(Unknown Source)
	at org.gradle.api.internal.tasks.testing.worker.TestWorker$3.run(TestWorker.java:200)
	at org.gradle.api.internal.tasks.testing.worker.TestWorker.executeAndMaintainThreadName(TestWorker.java:132)
	at org.gradle.api.internal.tasks.testing.worker.TestWorker.execute(TestWorker.java:103)
	at org.gradle.api.internal.tasks.testing.worker.TestWorker.execute(TestWorker.java:63)
	at org.gradle.process.internal.worker.child.ActionExecutionWorker.execute(ActionExecutionWorker.java:56)
	at org.gradle.process.internal.worker.child.SystemApplicationClassLoaderWorker.call(SystemApplicationClassLoaderWorker.java:122)
	at org.gradle.process.internal.worker.child.SystemApplicationClassLoaderWorker.call(SystemApplicationClassLoaderWorker.java:72)
	at worker.org.gradle.process.internal.worker.GradleWorkerMain.run(GradleWorkerMain.java:69)
	at worker.org.gradle.process.internal.worker.GradleWorkerMain.main(GradleWorkerMain.java:74)
</failure>
  </testcase>
  <system-out><![CDATA[]]>&#x1f9fe;<![CDATA[ Prepared Refund Data: {amount=2300, metadata={}, tokenId=11f092f5-df62-00cb-91b9-ef36cde23978, terminalId=11f0af02-77e3-3718-ae14-415e2af402ed, descriptor=Refund via automation test - 1761108561794, referenceId=e41d823e-1ad3-4c88-a90b-fd852b7daec3, effectiveDate=2025-09-16}
]]>&#x1f9fe;<![CDATA[ Prepared Refund Data: {amount=1500, metadata={}, tokenId=11f092f8-1139-f15c-91b9-ef36cde23978, terminalId=11f0af02-77e3-3718-ae14-415e2af402ed, descriptor=Partial refund validation test - 1761108561794, referenceId=e41d823e-1ad3-4c88-a90b-fd852b7daec3, effectiveDate=2025-09-20}
]]>&#x1f510;<![CDATA[ Reusing cached GlofoxSecureClientToken
Request method:	POST
Request URI:	https://api-dev.pgw.abc.fitness/api/payment-gateway/payments/refund
Proxy:			<none>
Request params:	<none>
Query params:	<none>
Form params:	<none>
Path params:	<none>
Headers:		Authorization=Bearer eyJraWQiOiJYOGw3MGhWWjI2R1AzUWwyIiwiYWxnIjoiUlMyNTYifQ.eyJzdWIiOiJHTE9GT1hfU0VDVVJFX0FVVEgiLCJhdWQiOiJhYmMtcGF5bWVudC1nYXRld2F5IiwibmJmIjoxNzYxMTA4NTMwLCJfdCI6IkNMSUVOVF9PTkxZIiwic2NvcGUiOlsic2VjdXJlOnByb3RlY3RlZCJdLCJpc3MiOiJodHRwczovL3NlY3VyZS5kZXYuMzBwcmVwcm9kLmNvbSIsImV4cCI6MTc2MTE5NDkzMCwiaWF0IjoxNzYxMTA4NTMwLCJqdGkiOiIxYjA3ZTE5OC05M2IzLTQyNDItODZjNi05NWJmMzc0MzkwZTQiLCJjbGllbnRfaWQiOiJHTE9GT1hfU0VDVVJFX0FVVEgiLCJhdXRob3JpdGllcyI6WyJ0cmFuc2FjdGlvbjpjbGllbnQtcmVhZCIsInBnLXBheW1lbnQ6Y2xpZW50LWNyZWF0ZSJdfQ.SxFxvQQj4dnvs-xQsnVJMj4wOjMzMENDRlesB-ZNwHEpNtpkqF8M4_qBQrsPlBse_KuM12PqROZsX5O_NUI5vLglrSzFvCZCUEStbhkerM_794TdQ66-BLvHKW-b-dQ2DohQXv-vCsDzpu5jCDs7LzdGeeWmvf6evx_-c10o6aALAzGU43Zk3k1FVM17BdsoPhBG8Wg8bA1gLJ500QlG4gMfJWZXpFrRWcwa37pm-f66hkApoWtx3vyFToZ7oegJ70uTNq0uZjg3tEjx_JjsUQN6AgzoIMjS0Lbcrffgs4rjzrZvHq06TS2dl6EDxCIykdToV0iuuPDSeMMBkwpckQ
				ABCFS-TENANT-ID=41424320-436f-6d70-616e-792020202020
				User-Agent=Automation-Test
				Accept=*/*
				Content-Type=application/json
Cookies:		<none>
Multiparts:		<none>
Body:
{
    "requests": [
        {
            "amount": "2300",
            "metadata": {
                
            },
            "tokenId": "11f092f5-df62-00cb-91b9-ef36cde23978",
            "terminalId": "11f0af02-77e3-3718-ae14-415e2af402ed",
            "descriptor": "Refund via automation test - 1761108561794",
            "referenceId": "e41d823e-1ad3-4c88-a90b-fd852b7daec3",
            "effectiveDate": "2025-09-16"
        }
    ]
}
HTTP/1.1 401 Unauthorized
Date: Wed, 22 Oct 2025 04:49:23 GMT
Content-Type: application/json
Content-Length: 49
Connection: keep-alive
x-gravitee-transaction-id: f8bb2c0c-935e-4e0c-bb2c-0c935efe0c45
x-gravitee-request-id: f8bb2c0c-935e-4e0c-bb2c-0c935efe0c45
cf-cache-status: DYNAMIC
Nel: {"report_to":"cf-nel","success_fraction":0.0,"max_age":604800}
Report-To: {"group":"cf-nel","max_age":604800,"endpoints":[{"url":"https://a.nel.cloudflare.com/report/v4?s=NmMVmg8b1OPTH4yMciPvz4QTmhktvL13OTHG5LakGPMI9uyXpgcOJT5oZg8zQY5249Wcg77DSE1Ku2vqcUg4sLQS54SfiHM9f9FD1pyUn7akqoKGp3zJ"}]}
Server: cloudflare
CF-RAY: 99265e285cdf4662-DFW
alt-svc: h3=":443"; ma=86400

{
    "message": "Unauthorized",
    "http_status_code": 401
}
]]>&#x1f510;<![CDATA[ Reusing cached GlofoxSecureClientToken
Request method:	POST
Request URI:	https://api-dev.pgw.abc.fitness/api/payment-gateway/payments/refund
Proxy:			<none>
Request params:	<none>
Query params:	<none>
Form params:	<none>
Path params:	<none>
Headers:		Authorization=Bearer eyJraWQiOiJYOGw3MGhWWjI2R1AzUWwyIiwiYWxnIjoiUlMyNTYifQ.eyJzdWIiOiJHTE9GT1hfU0VDVVJFX0FVVEgiLCJhdWQiOiJhYmMtcGF5bWVudC1nYXRld2F5IiwibmJmIjoxNzYxMTA4NTMwLCJfdCI6IkNMSUVOVF9PTkxZIiwic2NvcGUiOlsic2VjdXJlOnByb3RlY3RlZCJdLCJpc3MiOiJodHRwczovL3NlY3VyZS5kZXYuMzBwcmVwcm9kLmNvbSIsImV4cCI6MTc2MTE5NDkzMCwiaWF0IjoxNzYxMTA4NTMwLCJqdGkiOiIxYjA3ZTE5OC05M2IzLTQyNDItODZjNi05NWJmMzc0MzkwZTQiLCJjbGllbnRfaWQiOiJHTE9GT1hfU0VDVVJFX0FVVEgiLCJhdXRob3JpdGllcyI6WyJ0cmFuc2FjdGlvbjpjbGllbnQtcmVhZCIsInBnLXBheW1lbnQ6Y2xpZW50LWNyZWF0ZSJdfQ.SxFxvQQj4dnvs-xQsnVJMj4wOjMzMENDRlesB-ZNwHEpNtpkqF8M4_qBQrsPlBse_KuM12PqROZsX5O_NUI5vLglrSzFvCZCUEStbhkerM_794TdQ66-BLvHKW-b-dQ2DohQXv-vCsDzpu5jCDs7LzdGeeWmvf6evx_-c10o6aALAzGU43Zk3k1FVM17BdsoPhBG8Wg8bA1gLJ500QlG4gMfJWZXpFrRWcwa37pm-f66hkApoWtx3vyFToZ7oegJ70uTNq0uZjg3tEjx_JjsUQN6AgzoIMjS0Lbcrffgs4rjzrZvHq06TS2dl6EDxCIykdToV0iuuPDSeMMBkwpckQ
				ABCFS-TENANT-ID=41424320-436f-6d70-616e-792020202020
				User-Agent=Automation-Test
				Accept=*/*
				Content-Type=application/json
Cookies:		<none>
Multiparts:		<none>
Body:
{
    "requests": [
        {
            "amount": "2300",
            "metadata": {
                
            },
            "tokenId": "11f092f5-df62-00cb-91b9-ef36cde23978",
            "terminalId": "11f0af02-77e3-3718-ae14-415e2af402ed",
            "descriptor": "Refund via automation test - 1761108561794",
            "referenceId": "e41d823e-1ad3-4c88-a90b-fd852b7daec3",
            "effectiveDate": "2025-09-16"
        }
    ]
}
HTTP/1.1 401 Unauthorized
Date: Wed, 22 Oct 2025 04:49:24 GMT
Content-Type: application/json
Content-Length: 49
Connection: keep-alive
x-gravitee-transaction-id: 02fbef93-4087-47fe-bbef-93408787fe7b
x-gravitee-request-id: 02fbef93-4087-47fe-bbef-93408787fe7b
cf-cache-status: DYNAMIC
Nel: {"report_to":"cf-nel","success_fraction":0.0,"max_age":604800}
Report-To: {"group":"cf-nel","max_age":604800,"endpoints":[{"url":"https://a.nel.cloudflare.com/report/v4?s=KpLqa47lVDbHgoHeCxsqkK%2B%2FnrSXch7JaU1vcmdDQ5Ja6e6ArYoodqZW73Wvzuc8x5b%2BGfrj5vka0%2BqdKnTvVPdJyVjDbtRAtCWxppsvjazouYSIS8Pw"}]}
Server: cloudflare
CF-RAY: 99265e2e6c18f81b-DFW
alt-svc: h3=":443"; ma=86400

{
    "message": "Unauthorized",
    "http_status_code": 401
}
]]>&#x1f510;<![CDATA[ Reusing cached GlofoxSecureClientToken
Request method:	POST
Request URI:	https://api-dev.pgw.abc.fitness/api/payment-gateway/payments/refund
Proxy:			<none>
Request params:	<none>
Query params:	<none>
Form params:	<none>
Path params:	<none>
Headers:		Authorization=Bearer eyJraWQiOiJYOGw3MGhWWjI2R1AzUWwyIiwiYWxnIjoiUlMyNTYifQ.eyJzdWIiOiJHTE9GT1hfU0VDVVJFX0FVVEgiLCJhdWQiOiJhYmMtcGF5bWVudC1nYXRld2F5IiwibmJmIjoxNzYxMTA4NTMwLCJfdCI6IkNMSUVOVF9PTkxZIiwic2NvcGUiOlsic2VjdXJlOnByb3RlY3RlZCJdLCJpc3MiOiJodHRwczovL3NlY3VyZS5kZXYuMzBwcmVwcm9kLmNvbSIsImV4cCI6MTc2MTE5NDkzMCwiaWF0IjoxNzYxMTA4NTMwLCJqdGkiOiIxYjA3ZTE5OC05M2IzLTQyNDItODZjNi05NWJmMzc0MzkwZTQiLCJjbGllbnRfaWQiOiJHTE9GT1hfU0VDVVJFX0FVVEgiLCJhdXRob3JpdGllcyI6WyJ0cmFuc2FjdGlvbjpjbGllbnQtcmVhZCIsInBnLXBheW1lbnQ6Y2xpZW50LWNyZWF0ZSJdfQ.SxFxvQQj4dnvs-xQsnVJMj4wOjMzMENDRlesB-ZNwHEpNtpkqF8M4_qBQrsPlBse_KuM12PqROZsX5O_NUI5vLglrSzFvCZCUEStbhkerM_794TdQ66-BLvHKW-b-dQ2DohQXv-vCsDzpu5jCDs7LzdGeeWmvf6evx_-c10o6aALAzGU43Zk3k1FVM17BdsoPhBG8Wg8bA1gLJ500QlG4gMfJWZXpFrRWcwa37pm-f66hkApoWtx3vyFToZ7oegJ70uTNq0uZjg3tEjx_JjsUQN6AgzoIMjS0Lbcrffgs4rjzrZvHq06TS2dl6EDxCIykdToV0iuuPDSeMMBkwpckQ
				ABCFS-TENANT-ID=41424320-436f-6d70-616e-792020202020
				User-Agent=Automation-Test
				Accept=*/*
				Content-Type=application/json
Cookies:		<none>
Multiparts:		<none>
Body:
{
    "requests": [
        {
            "amount": "1500",
            "metadata": {
                
            },
            "tokenId": "11f092f8-1139-f15c-91b9-ef36cde23978",
            "terminalId": "11f0af02-77e3-3718-ae14-415e2af402ed",
            "descriptor": "Partial refund validation test - 1761108561794",
            "referenceId": "e41d823e-1ad3-4c88-a90b-fd852b7daec3",
            "effectiveDate": "2025-09-20"
        }
    ]
}
HTTP/1.1 401 Unauthorized
Date: Wed, 22 Oct 2025 04:49:25 GMT
Content-Type: application/json
Content-Length: 49
Connection: keep-alive
x-gravitee-transaction-id: bc60a60a-c4b3-4dd9-a0a6-0ac4b3edd9f1
x-gravitee-request-id: bc60a60a-c4b3-4dd9-a0a6-0ac4b3edd9f1
cf-cache-status: DYNAMIC
Nel: {"report_to":"cf-nel","success_fraction":0.0,"max_age":604800}
Report-To: {"group":"cf-nel","max_age":604800,"endpoints":[{"url":"https://a.nel.cloudflare.com/report/v4?s=WxBTz1t5gJrSgUuSOBI6RgBbxX20MefhxMlkk8X38j1heUmaaQEte0uzP0ydeA4w1NF9HDgA0cZImAhiW0AkQkqBggpT7kZLTuzLeRzLSrGS6mrrVEVc"}]}
Server: cloudflare
CF-RAY: 99265e346d17478c-DFW
alt-svc: h3=":443"; ma=86400

{
    "message": "Unauthorized",
    "http_status_code": 401
}
]]>&#x1f510;<![CDATA[ Reusing cached GlofoxSecureClientToken
Request method:	POST
Request URI:	https://api-dev.pgw.abc.fitness/api/payment-gateway/payments/refund
Proxy:			<none>
Request params:	<none>
Query params:	<none>
Form params:	<none>
Path params:	<none>
Headers:		Authorization=Bearer eyJraWQiOiJYOGw3MGhWWjI2R1AzUWwyIiwiYWxnIjoiUlMyNTYifQ.eyJzdWIiOiJHTE9GT1hfU0VDVVJFX0FVVEgiLCJhdWQiOiJhYmMtcGF5bWVudC1nYXRld2F5IiwibmJmIjoxNzYxMTA4NTMwLCJfdCI6IkNMSUVOVF9PTkxZIiwic2NvcGUiOlsic2VjdXJlOnByb3RlY3RlZCJdLCJpc3MiOiJodHRwczovL3NlY3VyZS5kZXYuMzBwcmVwcm9kLmNvbSIsImV4cCI6MTc2MTE5NDkzMCwiaWF0IjoxNzYxMTA4NTMwLCJqdGkiOiIxYjA3ZTE5OC05M2IzLTQyNDItODZjNi05NWJmMzc0MzkwZTQiLCJjbGllbnRfaWQiOiJHTE9GT1hfU0VDVVJFX0FVVEgiLCJhdXRob3JpdGllcyI6WyJ0cmFuc2FjdGlvbjpjbGllbnQtcmVhZCIsInBnLXBheW1lbnQ6Y2xpZW50LWNyZWF0ZSJdfQ.SxFxvQQj4dnvs-xQsnVJMj4wOjMzMENDRlesB-ZNwHEpNtpkqF8M4_qBQrsPlBse_KuM12PqROZsX5O_NUI5vLglrSzFvCZCUEStbhkerM_794TdQ66-BLvHKW-b-dQ2DohQXv-vCsDzpu5jCDs7LzdGeeWmvf6evx_-c10o6aALAzGU43Zk3k1FVM17BdsoPhBG8Wg8bA1gLJ500QlG4gMfJWZXpFrRWcwa37pm-f66hkApoWtx3vyFToZ7oegJ70uTNq0uZjg3tEjx_JjsUQN6AgzoIMjS0Lbcrffgs4rjzrZvHq06TS2dl6EDxCIykdToV0iuuPDSeMMBkwpckQ
				ABCFS-TENANT-ID=41424320-436f-6d70-616e-792020202020
				User-Agent=Automation-Test
				Accept=*/*
				Content-Type=application/json
Cookies:		<none>
Multiparts:		<none>
Body:
{
    "requests": [
        {
            "amount": "1500",
            "metadata": {
                
            },
            "tokenId": "11f092f8-1139-f15c-91b9-ef36cde23978",
            "terminalId": "11f0af02-77e3-3718-ae14-415e2af402ed",
            "descriptor": "Partial refund validation test - 1761108561794",
            "referenceId": "e41d823e-1ad3-4c88-a90b-fd852b7daec3",
            "effectiveDate": "2025-09-20"
        }
    ]
}
HTTP/1.1 401 Unauthorized
Date: Wed, 22 Oct 2025 04:49:26 GMT
Content-Type: application/json
Content-Length: 49
Connection: keep-alive
x-gravitee-transaction-id: 977b9f1a-5abc-4472-bb9f-1a5abc747250
x-gravitee-request-id: 977b9f1a-5abc-4472-bb9f-1a5abc747250
cf-cache-status: DYNAMIC
Nel: {"report_to":"cf-nel","success_fraction":0.0,"max_age":604800}
Report-To: {"group":"cf-nel","max_age":604800,"endpoints":[{"url":"https://a.nel.cloudflare.com/report/v4?s=OOA1kImj8omZfmCacC8o6Of2zC9oQN87ltHP27wMZAPlloa%2B4PHSuVi%2BMhiL7g0RgTyaUArojAI8iPKVgGsDkIHFDOHpZ95xIvOR7mN4JYVpN7lHN6YS"}]}
Server: cloudflare
CF-RAY: 99265e39ac2245e4-DFW
alt-svc: h3=":443"; ma=86400

{
    "message": "Unauthorized",
    "http_status_code": 401
}
]]></system-out>
  <system-err><![CDATA[]]></system-err>
</testsuite>
